15:13:14.701 [main                     ] DEBUG Logger               - Configured Logger
15:13:14.739 [main                     ] DEBUG GameApplication      - Logging settings
Title: BTD-J
Version: PRE ALPHA 0.1
Width: 800
Height: 800
Fullscreen: false
Intro: false
Profiling: false
Single step:false
App Mode: DEVELOPER
Menu Key: ESCAPE
Stage Style: DECORATED
Scene Factory: class com.almasb.fxgl.app.scene.SceneFactory

15:13:15.261 [JavaFX Application Thread] DEBUG FXGLApplication      - Initializing FXGL
15:13:15.270 [JavaFX Application Thread] INFO  Engine               - FXGL-17.3 (30.03.2023 11.49) on WINDOWS (J:18.0.1.1 FX:20)
15:13:15.270 [JavaFX Application Thread] DEBUG Engine               - JRE Vendor Name: Oracle Corporation
15:13:15.270 [JavaFX Application Thread] DEBUG Engine               - Running on OS: Windows 10 version 10.0
15:13:15.271 [JavaFX Application Thread] DEBUG Engine               - Architecture: amd64
15:13:15.271 [JavaFX Application Thread] INFO  Engine               - Source code and latest versions at: https://github.com/AlmasB/FXGL
15:13:15.271 [JavaFX Application Thread] INFO  Engine               -       Ask questions and discuss at: https://github.com/AlmasB/FXGL/discussions
15:13:15.272 [JavaFX Application Thread] INFO  Engine               -              Join the FXGL chat at: https://gitter.im/AlmasB/FXGL
15:13:15.494 [JavaFX Application Thread] DEBUG PrimaryStageWindow   - Creating a JavaFX scene
15:13:15.589 [JavaFX Application Thread] DEBUG PrimaryStageWindow   - Target settings size: 800.0 x 800.0
15:13:15.590 [JavaFX Application Thread] DEBUG PrimaryStageWindow   - Scaled scene size:    800.0 x 800.0
15:13:15.590 [JavaFX Application Thread] DEBUG PrimaryStageWindow   - Scaled ratio: (1.0, 1.0)
15:13:15.592 [JavaFX Application Thread] DEBUG PrimaryStageWindow   - Set initial scene to FXGLStartupScene
15:13:15.596 [JavaFX Application Thread] DEBUG PrimaryStageWindow   - Opening main window
15:13:15.732 [JavaFX Application Thread] DEBUG PrimaryStageWindow   - Window border size: (12.4444580078125, 35.111083984375)
15:13:15.733 [JavaFX Application Thread] DEBUG PrimaryStageWindow   - Scaled size: 800.0 x 800.0
15:13:15.735 [JavaFX Application Thread] DEBUG PrimaryStageWindow   - Scaled ratio: (1.0, 1.0)
15:13:15.736 [JavaFX Application Thread] DEBUG PrimaryStageWindow   - Scene size: 800.0 x 800.0
15:13:15.737 [JavaFX Application Thread] DEBUG PrimaryStageWindow   - Stage size: 812.4444580078125 x 835.111083984375
15:13:15.751 [FXGL Background Thread 1 ] DEBUG Engine               - Initializing environment variables
15:13:15.942 [FXGL Background Thread 1 ] DEBUG FXGLAssetLoaderServi - User app class for loading assets: class org.btdj.game.MainApp
15:13:15.943 [FXGL Background Thread 1 ] DEBUG GameApplicationServi - Applying CSS: fxgl_dark.css
15:13:15.945 [FXGL Background Thread 1 ] DEBUG FXGLAssetLoaderServi - Loading from file system: jar:file:/C:/Users/lenovo/.m2/repository/com/github/almasb/fxgl/17.3/fxgl-17.3.jar!/fxglassets/ui/css/fxgl_dark.css
15:13:16.062 [FXGL Background Thread 1 ] DEBUG GameApplicationServi - Initializing application scenes
15:13:16.143 [FXGL Background Thread 1 ] DEBUG GameWorld            - Game world initialized
15:13:16.246 [FXGL Background Thread 1 ] DEBUG PhysicsWorld         - Physics world initialized: appHeight=800, physics.ppm=50.0
15:13:16.246 [FXGL Background Thread 1 ] DEBUG PhysicsWorld         - Using strategy: BRUTE_FORCE
15:13:16.253 [FXGL Background Thread 1 ] DEBUG GameScene            - Game scene initialized: 800x800
15:13:16.278 [FXGL Background Thread 1 ] DEBUG FXGL.DefaultMenu     - createMenuBodyGameMenu()
15:13:16.315 [FXGL Background Thread 1 ] DEBUG FXGL.DefaultMenu     - createOptionsMenu()
15:13:16.349 [FXGL Background Thread 1 ] DEBUG FXGLAssetLoaderServi - Loading from file system: jar:file:/C:/Users/lenovo/.m2/repository/com/github/almasb/fxgl/17.3/fxgl-17.3.jar!/fxglassets/textures/particles/smoke.png
15:13:16.550 [FXGL Background Thread 1 ] DEBUG FXGLAssetLoaderServi - Loading from file system: jar:file:/C:/Users/lenovo/.m2/repository/com/github/almasb/fxgl/17.3/fxgl-17.3.jar!/fxglassets/textures/particles/trace_horizontal.png
15:13:16.592 [FXGL Background Thread 1 ] DEBUG GameApplicationServi - Application scenes initialized
15:13:16.612 [FXGL Background Thread 1 ] DEBUG SystemBundleService  - Loading FXGL system data
15:13:16.617 [FXGL Background Thread 1 ] DEBUG FileSystemAccess     - Reading from: C:\Users\lenovo\IdeaProjects\BTD-J\system\fxgl.bundle
15:13:16.628 [FXGL Background Thread 1 ] DEBUG SystemBundleService  - Bundle FXGL: {}
15:13:16.629 [FXGL Background Thread 1 ] DEBUG UpdaterService       - Checking for updates
15:13:16.634 [FXGL Background Thread 4 ] DEBUG FXGLApplication      - Loading fonts
15:13:16.634 [FXGL Background Thread 4 ] DEBUG FXGLAssetLoaderServi - Loading from file system: jar:file:/C:/Users/lenovo/.m2/repository/com/github/almasb/fxgl/17.3/fxgl-17.3.jar!/fxglassets/ui/fonts/VarelaRound-Regular.ttf
15:13:16.635 [FXGL Background Thread 1 ] DEBUG FXGLApplication      - Loading default localization
15:13:16.636 [FXGL Background Thread 1 ] DEBUG FXGLAssetLoaderServi - Loading from file system: jar:file:/C:/Users/lenovo/.m2/repository/com/github/almasb/fxgl/17.3/fxgl-17.3.jar!/fxglassets/languages/english.lang
15:13:16.679 [FXGL Background Thread 1 ] INFO  FXGLApplication      - FXGL initialization took: 0.928 sec
15:13:16.681 [JavaFX Application Thread] DEBUG FXGLAssetLoaderServi - Loading from file system: jar:file:/C:/Users/lenovo/.m2/repository/com/github/almasb/fxgl/17.3/fxgl-17.3.jar!/fxglassets/textures/fxgl_icon.png
15:13:16.731 [FXGL Background Thread 4 ] DEBUG FXGLAssetLoaderServi - Loading from file system: jar:file:/C:/Users/lenovo/.m2/repository/com/github/almasb/fxgl/17.3/fxgl-17.3.jar!/fxglassets/ui/fonts/Abel-Regular.ttf
15:13:16.733 [JavaFX Application Thread] DEBUG FXGLAssetLoaderServi - Loading from file system: jar:file:/C:/Users/lenovo/.m2/repository/com/github/almasb/fxgl/17.3/fxgl-17.3.jar!/fxglassets/textures/fxgl_default_cursor.png
15:13:16.744 [FXGL Background Thread 4 ] DEBUG FXGLAssetLoaderServi - Loading from file system: jar:file:/C:/Users/lenovo/.m2/repository/com/github/almasb/fxgl/17.3/fxgl-17.3.jar!/fxglassets/ui/fonts/TerminalLandMono-Regular.otf
15:13:16.758 [FXGL Background Thread 4 ] DEBUG FXGLAssetLoaderServi - Loading from file system: jar:file:/C:/Users/lenovo/.m2/repository/com/github/almasb/fxgl/17.3/fxgl-17.3.jar!/fxglassets/ui/fonts/Courier-Prime.ttf
15:13:16.759 [JavaFX Application Thread] DEBUG Input                - Registered new binding: Screenshot - CTRL+8
15:13:16.760 [JavaFX Application Thread] DEBUG Input                - Registered new binding: System info dump - CTRL+9
15:13:16.761 [JavaFX Application Thread] DEBUG Input                - Registered new binding: Restart - CTRL+R
15:13:16.764 [JavaFX Application Thread] DEBUG Input                - Registered new binding: Toggle Debug Camera - CTRL+7
15:13:16.770 [JavaFX Application Thread] DEBUG LoopRunner           - Starting loop
15:13:16.770 [JavaFX Application Thread] DEBUG LoopRunner           - Initializing JavaFX AnimationTimerLoop
15:13:16.773 [JavaFX Application Thread] DEBUG GameApplicationServi - Starting new game
15:13:16.773 [JavaFX Application Thread] DEBUG Input                - Clearing active input actions
15:13:16.792 [JavaFX Application Thread] DEBUG GameApplicationServi - Removing overlay from FXGLStartupScene and adding to FXGLLoadingScene
15:13:16.792 [JavaFX Application Thread] DEBUG PrimaryStageWindow   - FXGLStartupScene -> FXGLLoadingScene
15:13:16.792 [JavaFX Application Thread] DEBUG GameApplicationServi - Clearing previous game
15:13:16.792 [JavaFX Application Thread] DEBUG GameScene            - Clearing game scene
15:13:16.792 [JavaFX Application Thread] DEBUG GameWorld            - Clearing game world
15:13:16.793 [JavaFX Application Thread] DEBUG PhysicsWorld         - Clearing physics world
15:13:16.795 [JavaFX Application Thread] DEBUG FXGLApplication      - Registering font factories with UI factory
15:13:16.795 [FXGL Background Thread 4 ] DEBUG FXGLApplication      - Initializing game
15:13:16.802 [FXGL Background Thread 4 ] DEBUG FXGLAssetLoaderServi - Loading from file system: file:/C:/Users/lenovo/IdeaProjects/BTD-J/target/classes/assets/textures/bloons/blue.png
15:13:16.821 [FXGL Background Thread 4 ] DEBUG FXGLAssetLoaderServi - Loading from file system: file:/C:/Users/lenovo/IdeaProjects/BTD-J/target/classes/assets/sounds/music.wav
15:13:16.962 [FXGL Background Thread 2 ] WARN  UpdaterService       - Failed to find updates: java.net.UnknownHostException: raw.githubusercontent.com
15:13:17.021 [FXGL Background Thread 4 ] INFO  FXGLApplication      - Game initialization took: 0.225 sec
15:13:17.036 [JavaFX Application Thread] DEBUG Input                - Clearing active input actions
15:13:17.053 [JavaFX Application Thread] DEBUG GameApplicationServi - Removing overlay from FXGLLoadingScene and adding to GameScene
15:13:17.054 [JavaFX Application Thread] DEBUG PrimaryStageWindow   - FXGLLoadingScene -> GameScene
15:13:19.498 [JavaFX Application Thread] DEBUG FXGLApplication      - Exiting FXGL
15:13:19.499 [JavaFX Application Thread] DEBUG LoopRunner           - Stopping loop
15:13:19.499 [JavaFX Application Thread] DEBUG SystemBundleService  - Saving FXGL system data
15:13:19.507 [JavaFX Application Thread] DEBUG FileSystemAccess     - Writing to: C:\Users\lenovo\IdeaProjects\BTD-J\system\fxgl.bundle
15:13:19.515 [JavaFX Application Thread] DEBUG Async                - Shutting down background threads
15:13:19.516 [JavaFX Application Thread] DEBUG PrimaryStageWindow   - Closing main window
15:13:19.581 [JavaFX Application Thread] DEBUG Logger               - Closing Logger
