14:52:35.833 [main                     ] DEBUG Logger               - Configured Logger
14:52:35.897 [main                     ] DEBUG GameApplication      - Logging settings
Title: BTD-J
Version: PRE ALPHA 0.1
Width: 800
Height: 800
Fullscreen: false
Intro: false
Profiling: false
Single step:false
App Mode: DEVELOPER
Menu Key: ESCAPE
Stage Style: DECORATED
Scene Factory: class com.almasb.fxgl.app.scene.SceneFactory

14:52:36.614 [JavaFX Application Thread] DEBUG FXGLApplication      - Initializing FXGL
14:52:36.622 [JavaFX Application Thread] INFO  Engine               - FXGL-17.3 (30.03.2023 11.49) on WINDOWS (J:18.0.1.1 FX:20)
14:52:36.623 [JavaFX Application Thread] DEBUG Engine               - JRE Vendor Name: Oracle Corporation
14:52:36.623 [JavaFX Application Thread] DEBUG Engine               - Running on OS: Windows 10 version 10.0
14:52:36.623 [JavaFX Application Thread] DEBUG Engine               - Architecture: amd64
14:52:36.623 [JavaFX Application Thread] INFO  Engine               - Source code and latest versions at: https://github.com/AlmasB/FXGL
14:52:36.623 [JavaFX Application Thread] INFO  Engine               -       Ask questions and discuss at: https://github.com/AlmasB/FXGL/discussions
14:52:36.623 [JavaFX Application Thread] INFO  Engine               -              Join the FXGL chat at: https://gitter.im/AlmasB/FXGL
14:52:36.805 [JavaFX Application Thread] DEBUG PrimaryStageWindow   - Creating a JavaFX scene
14:52:36.886 [JavaFX Application Thread] DEBUG PrimaryStageWindow   - Target settings size: 800.0 x 800.0
14:52:36.886 [JavaFX Application Thread] DEBUG PrimaryStageWindow   - Scaled scene size:    800.0 x 800.0
14:52:36.886 [JavaFX Application Thread] DEBUG PrimaryStageWindow   - Scaled ratio: (1.0, 1.0)
14:52:36.888 [JavaFX Application Thread] DEBUG PrimaryStageWindow   - Set initial scene to FXGLStartupScene
14:52:36.893 [JavaFX Application Thread] DEBUG PrimaryStageWindow   - Opening main window
14:52:37.081 [JavaFX Application Thread] DEBUG PrimaryStageWindow   - Window border size: (12.4444580078125, 35.111083984375)
14:52:37.082 [JavaFX Application Thread] DEBUG PrimaryStageWindow   - Scaled size: 800.0 x 800.0
14:52:37.083 [JavaFX Application Thread] DEBUG PrimaryStageWindow   - Scaled ratio: (1.0, 1.0)
14:52:37.083 [JavaFX Application Thread] DEBUG PrimaryStageWindow   - Scene size: 800.0 x 800.0
14:52:37.083 [JavaFX Application Thread] DEBUG PrimaryStageWindow   - Stage size: 812.4444580078125 x 835.111083984375
14:52:37.100 [FXGL Background Thread 1 ] DEBUG Engine               - Initializing environment variables
14:52:37.262 [FXGL Background Thread 1 ] DEBUG FXGLAssetLoaderServi - User app class for loading assets: class org.btdj.game.MainApp
14:52:37.263 [FXGL Background Thread 1 ] DEBUG GameApplicationServi - Applying CSS: fxgl_dark.css
14:52:37.264 [FXGL Background Thread 1 ] DEBUG FXGLAssetLoaderServi - Loading from file system: jar:file:/C:/Users/lenovo/.m2/repository/com/github/almasb/fxgl/17.3/fxgl-17.3.jar!/fxglassets/ui/css/fxgl_dark.css
14:52:37.361 [FXGL Background Thread 1 ] DEBUG GameApplicationServi - Initializing application scenes
14:52:37.449 [FXGL Background Thread 1 ] DEBUG GameWorld            - Game world initialized
14:52:37.561 [FXGL Background Thread 1 ] DEBUG PhysicsWorld         - Physics world initialized: appHeight=800, physics.ppm=50.0
14:52:37.561 [FXGL Background Thread 1 ] DEBUG PhysicsWorld         - Using strategy: BRUTE_FORCE
14:52:37.568 [FXGL Background Thread 1 ] DEBUG GameScene            - Game scene initialized: 800x800
14:52:37.591 [FXGL Background Thread 1 ] DEBUG FXGL.DefaultMenu     - createMenuBodyGameMenu()
14:52:37.618 [FXGL Background Thread 1 ] DEBUG FXGL.DefaultMenu     - createOptionsMenu()
14:52:37.638 [FXGL Background Thread 1 ] DEBUG FXGLAssetLoaderServi - Loading from file system: jar:file:/C:/Users/lenovo/.m2/repository/com/github/almasb/fxgl/17.3/fxgl-17.3.jar!/fxglassets/textures/particles/smoke.png
14:52:37.832 [FXGL Background Thread 1 ] DEBUG FXGLAssetLoaderServi - Loading from file system: jar:file:/C:/Users/lenovo/.m2/repository/com/github/almasb/fxgl/17.3/fxgl-17.3.jar!/fxglassets/textures/particles/trace_horizontal.png
14:52:37.871 [FXGL Background Thread 1 ] DEBUG GameApplicationServi - Application scenes initialized
14:52:37.889 [FXGL Background Thread 1 ] DEBUG SystemBundleService  - Loading FXGL system data
14:52:37.895 [FXGL Background Thread 1 ] DEBUG FileSystemAccess     - Reading from: C:\Users\lenovo\IdeaProjects\BTD-J\system\fxgl.bundle
14:52:37.906 [FXGL Background Thread 1 ] DEBUG SystemBundleService  - Bundle FXGL: {}
14:52:37.907 [FXGL Background Thread 1 ] DEBUG UpdaterService       - Checking for updates
14:52:37.913 [FXGL Background Thread 4 ] DEBUG FXGLApplication      - Loading fonts
14:52:37.913 [FXGL Background Thread 4 ] DEBUG FXGLAssetLoaderServi - Loading from file system: jar:file:/C:/Users/lenovo/.m2/repository/com/github/almasb/fxgl/17.3/fxgl-17.3.jar!/fxglassets/ui/fonts/VarelaRound-Regular.ttf
14:52:37.914 [FXGL Background Thread 1 ] DEBUG FXGLApplication      - Loading default localization
14:52:37.915 [FXGL Background Thread 1 ] DEBUG FXGLAssetLoaderServi - Loading from file system: jar:file:/C:/Users/lenovo/.m2/repository/com/github/almasb/fxgl/17.3/fxgl-17.3.jar!/fxglassets/languages/english.lang
14:52:37.954 [FXGL Background Thread 1 ] INFO  FXGLApplication      - FXGL initialization took: 0.854 sec
14:52:37.955 [JavaFX Application Thread] DEBUG FXGLAssetLoaderServi - Loading from file system: jar:file:/C:/Users/lenovo/.m2/repository/com/github/almasb/fxgl/17.3/fxgl-17.3.jar!/fxglassets/textures/fxgl_icon.png
14:52:38.000 [JavaFX Application Thread] DEBUG FXGLAssetLoaderServi - Loading from file system: jar:file:/C:/Users/lenovo/.m2/repository/com/github/almasb/fxgl/17.3/fxgl-17.3.jar!/fxglassets/textures/fxgl_default_cursor.png
14:52:38.011 [FXGL Background Thread 4 ] DEBUG FXGLAssetLoaderServi - Loading from file system: jar:file:/C:/Users/lenovo/.m2/repository/com/github/almasb/fxgl/17.3/fxgl-17.3.jar!/fxglassets/ui/fonts/Abel-Regular.ttf
14:52:38.024 [FXGL Background Thread 4 ] DEBUG FXGLAssetLoaderServi - Loading from file system: jar:file:/C:/Users/lenovo/.m2/repository/com/github/almasb/fxgl/17.3/fxgl-17.3.jar!/fxglassets/ui/fonts/TerminalLandMono-Regular.otf
14:52:38.029 [JavaFX Application Thread] DEBUG Input                - Registered new binding: Screenshot - CTRL+8
14:52:38.030 [JavaFX Application Thread] DEBUG Input                - Registered new binding: System info dump - CTRL+9
14:52:38.030 [JavaFX Application Thread] DEBUG Input                - Registered new binding: Restart - CTRL+R
14:52:38.032 [JavaFX Application Thread] DEBUG Input                - Registered new binding: Toggle Debug Camera - CTRL+7
14:52:38.037 [JavaFX Application Thread] DEBUG LoopRunner           - Starting loop
14:52:38.037 [JavaFX Application Thread] DEBUG LoopRunner           - Initializing JavaFX AnimationTimerLoop
14:52:38.039 [FXGL Background Thread 4 ] DEBUG FXGLAssetLoaderServi - Loading from file system: jar:file:/C:/Users/lenovo/.m2/repository/com/github/almasb/fxgl/17.3/fxgl-17.3.jar!/fxglassets/ui/fonts/Courier-Prime.ttf
14:52:38.040 [JavaFX Application Thread] DEBUG GameApplicationServi - Starting new game
14:52:38.041 [JavaFX Application Thread] DEBUG Input                - Clearing active input actions
14:52:38.060 [JavaFX Application Thread] DEBUG GameApplicationServi - Removing overlay from FXGLStartupScene and adding to FXGLLoadingScene
14:52:38.060 [JavaFX Application Thread] DEBUG PrimaryStageWindow   - FXGLStartupScene -> FXGLLoadingScene
14:52:38.061 [JavaFX Application Thread] DEBUG GameApplicationServi - Clearing previous game
14:52:38.061 [JavaFX Application Thread] DEBUG GameScene            - Clearing game scene
14:52:38.061 [JavaFX Application Thread] DEBUG GameWorld            - Clearing game world
14:52:38.061 [JavaFX Application Thread] DEBUG PhysicsWorld         - Clearing physics world
14:52:38.064 [FXGL Background Thread 4 ] DEBUG FXGLApplication      - Initializing game
14:52:38.070 [FXGL Background Thread 4 ] DEBUG FXGLAssetLoaderServi - Loading from file system: file:/C:/Users/lenovo/IdeaProjects/BTD-J/target/classes/assets/textures/bloons/blue.png
14:52:38.087 [FXGL Background Thread 4 ] DEBUG FXGLAssetLoaderServi - Loading from file system: file:/C:/Users/lenovo/IdeaProjects/BTD-J/target/classes/assets/sounds/music.wav
14:52:38.130 [JavaFX Application Thread] DEBUG FXGLApplication      - Registering font factories with UI factory
14:52:38.241 [FXGL Background Thread 2 ] WARN  UpdaterService       - Failed to find updates: java.net.UnknownHostException: raw.githubusercontent.com
14:52:38.294 [FXGL Background Thread 4 ] INFO  FXGLApplication      - Game initialization took: 0.230 sec
14:52:38.306 [JavaFX Application Thread] DEBUG Input                - Clearing active input actions
14:52:38.321 [JavaFX Application Thread] DEBUG GameApplicationServi - Removing overlay from FXGLLoadingScene and adding to GameScene
14:52:38.322 [JavaFX Application Thread] DEBUG PrimaryStageWindow   - FXGLLoadingScene -> GameScene
14:52:40.912 [FXGL Background Thread 3 ] DEBUG Engine               - Logging environment variables
14:52:40.914 [FXGL Background Thread 3 ] DEBUG Engine               - achievements: []
14:52:40.914 [FXGL Background Thread 3 ] DEBUG Engine               - actualHeight: 800.0
14:52:40.915 [FXGL Background Thread 3 ] DEBUG Engine               - actualHeightProperty: ReadOnlyDoubleProperty [value: 800.0]
14:52:40.915 [FXGL Background Thread 3 ] DEBUG Engine               - actualWidth: 800.0
14:52:40.915 [FXGL Background Thread 3 ] DEBUG Engine               - actualWidthProperty: ReadOnlyDoubleProperty [value: 800.0]
14:52:40.915 [FXGL Background Thread 3 ] DEBUG Engine               - appIcon: fxgl_icon.png
14:52:40.915 [FXGL Background Thread 3 ] DEBUG Engine               - applicationMode: DEVELOPER
14:52:40.915 [FXGL Background Thread 3 ] DEBUG Engine               - cSSList: [fxgl_dark.css]
14:52:40.916 [FXGL Background Thread 3 ] DEBUG Engine               - collisionDetectionStrategy: BRUTE_FORCE
14:52:40.916 [FXGL Background Thread 3 ] DEBUG Engine               - configClass: Optional.empty
14:52:40.916 [FXGL Background Thread 3 ] DEBUG Engine               - credits: []
14:52:40.917 [FXGL Background Thread 3 ] DEBUG Engine               - defaultCursor: CursorInfo(imageName=fxgl_default_cursor.png, hotspotX=7.0, hotspotY=6.0)
14:52:40.917 [FXGL Background Thread 3 ] DEBUG Engine               - devBBoxColorProperty: ObjectProperty [value: 0xff0000ff]
14:52:40.917 [FXGL Background Thread 3 ] DEBUG Engine               - devEnableDebugCameraProperty: BooleanProperty [value: false]
14:52:40.918 [FXGL Background Thread 3 ] DEBUG Engine               - devSensorColorProperty: ObjectProperty [value: 0xffff00ff]
14:52:40.918 [FXGL Background Thread 3 ] DEBUG Engine               - devShowBBoxProperty: BooleanProperty [value: false]
14:52:40.918 [FXGL Background Thread 3 ] DEBUG Engine               - devShowPositionProperty: BooleanProperty [value: false]
14:52:40.918 [FXGL Background Thread 3 ] DEBUG Engine               - enabledMenuItems: []
14:52:40.919 [FXGL Background Thread 3 ] DEBUG Engine               - engineServices: [class com.almasb.fxgl.app.services.FXGLAssetLoaderService, class com.almasb.fxgl.app.FXGLApplication$GameApplicationService, class com.almasb.fxgl.app.services.FXGLDialogService, class com.almasb.fxgl.app.services.IOTaskExecutorService, class com.almasb.fxgl.io.FileSystemService, class com.almasb.fxgl.localization.LocalizationService, class com.almasb.fxgl.app.services.SystemBundleService, class com.almasb.fxgl.profile.SaveLoadService, class com.almasb.fxgl.ui.FXGLUIFactoryServiceProvider, class com.almasb.fxgl.ui.FXGLDialogFactoryServiceProvider, class com.almasb.fxgl.audio.AudioPlayer, class com.almasb.fxgl.notification.impl.NotificationServiceProvider, class com.almasb.fxgl.achievement.AchievementService, class com.almasb.fxgl.cutscene.CutsceneService, class com.almasb.fxgl.minigames.MiniGameService, class com.almasb.fxgl.net.NetService, class com.almasb.fxgl.app.services.UpdaterService, class com.almasb.fxgl.dev.DevService]
14:52:40.919 [FXGL Background Thread 3 ] DEBUG Engine               - fontGame: Abel-Regular.ttf
14:52:40.919 [FXGL Background Thread 3 ] DEBUG Engine               - fontMono: TerminalLandMono-Regular.otf
14:52:40.919 [FXGL Background Thread 3 ] DEBUG Engine               - fontSizeScaleUI: 1.0
14:52:40.919 [FXGL Background Thread 3 ] DEBUG Engine               - fontText: Courier-Prime.ttf
14:52:40.919 [FXGL Background Thread 3 ] DEBUG Engine               - fontUI: VarelaRound-Regular.ttf
14:52:40.920 [FXGL Background Thread 3 ] DEBUG Engine               - fullScreen: BooleanProperty [value: false]
14:52:40.920 [FXGL Background Thread 3 ] DEBUG Engine               - gameDifficulty: MEDIUM
14:52:40.920 [FXGL Background Thread 3 ] DEBUG Engine               - gameDifficultyProperty: ObjectProperty [value: MEDIUM]
14:52:40.920 [FXGL Background Thread 3 ] DEBUG Engine               - globalMusicVolume: 0.5
14:52:40.920 [FXGL Background Thread 3 ] DEBUG Engine               - globalMusicVolumeProperty: DoubleProperty [value: 0.5]
14:52:40.920 [FXGL Background Thread 3 ] DEBUG Engine               - globalSoundVolume: 0.5
14:52:40.921 [FXGL Background Thread 3 ] DEBUG Engine               - globalSoundVolumeProperty: DoubleProperty [value: 0.5]
14:52:40.921 [FXGL Background Thread 3 ] DEBUG Engine               - height: 800
14:52:40.921 [FXGL Background Thread 3 ] DEBUG Engine               - is3D: false
14:52:40.921 [FXGL Background Thread 3 ] DEBUG Engine               - isAndroid: false
14:52:40.921 [FXGL Background Thread 3 ] DEBUG Engine               - isBrowser: false
14:52:40.921 [FXGL Background Thread 3 ] DEBUG Engine               - isClickFeedbackEnabled: false
14:52:40.921 [FXGL Background Thread 3 ] DEBUG Engine               - isCloseConfirmation: false
14:52:40.922 [FXGL Background Thread 3 ] DEBUG Engine               - isDesktop: true
14:52:40.922 [FXGL Background Thread 3 ] DEBUG Engine               - isDeveloperMenuEnabled: false
14:52:40.922 [FXGL Background Thread 3 ] DEBUG Engine               - isEmbedded: false
14:52:40.922 [FXGL Background Thread 3 ] DEBUG Engine               - isEntityPreloadEnabled: true
14:52:40.922 [FXGL Background Thread 3 ] DEBUG Engine               - isExperimentalTiledLargeMap: false
14:52:40.922 [FXGL Background Thread 3 ] DEBUG Engine               - isFileSystemWriteAllowed: true
14:52:40.922 [FXGL Background Thread 3 ] DEBUG Engine               - isFullScreenAllowed: false
14:52:40.923 [FXGL Background Thread 3 ] DEBUG Engine               - isFullScreenFromStart: false
14:52:40.924 [FXGL Background Thread 3 ] DEBUG Engine               - isGameMenuEnabled: true
14:52:40.924 [FXGL Background Thread 3 ] DEBUG Engine               - isIOS: false
14:52:40.924 [FXGL Background Thread 3 ] DEBUG Engine               - isIntroEnabled: false
14:52:40.925 [FXGL Background Thread 3 ] DEBUG Engine               - isLinux: false
14:52:40.925 [FXGL Background Thread 3 ] DEBUG Engine               - isMac: false
14:52:40.926 [FXGL Background Thread 3 ] DEBUG Engine               - isMainMenuEnabled: false
14:52:40.926 [FXGL Background Thread 3 ] DEBUG Engine               - isManualResizeEnabled: false
14:52:40.926 [FXGL Background Thread 3 ] DEBUG Engine               - isMobile: false
14:52:40.927 [FXGL Background Thread 3 ] DEBUG Engine               - isNative: false
14:52:40.927 [FXGL Background Thread 3 ] DEBUG Engine               - isPauseMusicWhenMinimized: true
14:52:40.928 [FXGL Background Thread 3 ] DEBUG Engine               - isPreserveResizeRatio: false
14:52:40.928 [FXGL Background Thread 3 ] DEBUG Engine               - isProfilingEnabled: false
14:52:40.929 [FXGL Background Thread 3 ] DEBUG Engine               - isScaleAffectedOnResize: true
14:52:40.929 [FXGL Background Thread 3 ] DEBUG Engine               - isSingleStep: false
14:52:40.929 [FXGL Background Thread 3 ] DEBUG Engine               - isUserProfileEnabled: false
14:52:40.929 [FXGL Background Thread 3 ] DEBUG Engine               - isWindows: true
14:52:40.930 [FXGL Background Thread 3 ] DEBUG Engine               - language: ObjectProperty [value: ENGLISH]
14:52:40.930 [FXGL Background Thread 3 ] DEBUG Engine               - menuKey: ESCAPE
14:52:40.930 [FXGL Background Thread 3 ] DEBUG Engine               - mouseSensitivity: 0.2
14:52:40.931 [FXGL Background Thread 3 ] DEBUG Engine               - notificationViewClass: class com.almasb.fxgl.notification.view.XboxNotificationView
14:52:40.931 [FXGL Background Thread 3 ] DEBUG Engine               - pixelsPerMeter: 50.0
14:52:40.931 [FXGL Background Thread 3 ] DEBUG Engine               - platform: WINDOWS
14:52:40.931 [FXGL Background Thread 3 ] DEBUG Engine               - prefHeightProperty: ReadOnlyDoubleProperty [value: 800.0]
14:52:40.931 [FXGL Background Thread 3 ] DEBUG Engine               - prefWidthProperty: ReadOnlyDoubleProperty [value: 800.0]
14:52:40.931 [FXGL Background Thread 3 ] DEBUG Engine               - profileDir: profiles/
14:52:40.931 [FXGL Background Thread 3 ] DEBUG Engine               - profileName: StringProperty [value: DEFAULT]
14:52:40.931 [FXGL Background Thread 3 ] DEBUG Engine               - randomSeed: -1
14:52:40.932 [FXGL Background Thread 3 ] DEBUG Engine               - runtimeInfo: RuntimeInfo(platform=WINDOWS, version=17.3, build=30.03.2023 11.49)
14:52:40.932 [FXGL Background Thread 3 ] DEBUG Engine               - saveFileExt: sav
14:52:40.932 [FXGL Background Thread 3 ] DEBUG Engine               - scaledHeightProp$fxgl: DoubleProperty [bound, value: 800.0]
14:52:40.932 [FXGL Background Thread 3 ] DEBUG Engine               - scaledWidthProp$fxgl: DoubleProperty [bound, value: 800.0]
14:52:40.932 [FXGL Background Thread 3 ] DEBUG Engine               - sceneFactory: com.almasb.fxgl.app.scene.SceneFactory@324e8f47
14:52:40.933 [FXGL Background Thread 3 ] DEBUG Engine               - secondsIn24h: 60
14:52:40.933 [FXGL Background Thread 3 ] DEBUG Engine               - soundMenuBack: menu/back.wav
14:52:40.933 [FXGL Background Thread 3 ] DEBUG Engine               - soundMenuPress: menu/press.wav
14:52:40.933 [FXGL Background Thread 3 ] DEBUG Engine               - soundMenuSelect: menu/select.wav
14:52:40.933 [FXGL Background Thread 3 ] DEBUG Engine               - soundNotification: core/notification.wav
14:52:40.933 [FXGL Background Thread 3 ] DEBUG Engine               - stageStyle: DECORATED
14:52:40.933 [FXGL Background Thread 3 ] DEBUG Engine               - supportedLanguages: [ENGLISH, FRENCH, GERMAN, HUNGARIAN, RUSSIAN]
14:52:40.933 [FXGL Background Thread 3 ] DEBUG Engine               - ticksPerSecond: -1
14:52:40.933 [FXGL Background Thread 3 ] DEBUG Engine               - title: BTD-J
14:52:40.934 [FXGL Background Thread 3 ] DEBUG Engine               - urlGithub: https://github.com/AlmasB/FXGL
14:52:40.934 [FXGL Background Thread 3 ] DEBUG Engine               - urlLeaderboard: http://fxgl-top.herokuapp.com/
14:52:40.934 [FXGL Background Thread 3 ] DEBUG Engine               - urlPOM: https://raw.githubusercontent.com/AlmasB/FXGL/release/README.md
14:52:40.934 [FXGL Background Thread 3 ] DEBUG Engine               - userAppClass: class org.btdj.game.MainApp
14:52:40.934 [FXGL Background Thread 3 ] DEBUG Engine               - version: PRE ALPHA 0.1
14:52:40.934 [FXGL Background Thread 3 ] DEBUG Engine               - versionCheckDays: 7
14:52:40.934 [FXGL Background Thread 3 ] DEBUG Engine               - width: 800
14:52:40.934 [FXGL Background Thread 3 ] DEBUG Engine               - Logging services
14:52:40.935 [FXGL Background Thread 3 ] DEBUG Engine               - class com.almasb.fxgl.app.services.FXGLAssetLoaderService
14:52:40.935 [FXGL Background Thread 3 ] DEBUG Engine               - class com.almasb.fxgl.app.FXGLApplication$GameApplicationService
14:52:40.935 [FXGL Background Thread 3 ] DEBUG Engine               - class com.almasb.fxgl.app.services.FXGLDialogService
14:52:40.935 [FXGL Background Thread 3 ] DEBUG Engine               - class com.almasb.fxgl.app.services.IOTaskExecutorService
14:52:40.935 [FXGL Background Thread 3 ] DEBUG Engine               - class com.almasb.fxgl.io.FileSystemService
14:52:40.935 [FXGL Background Thread 3 ] DEBUG Engine               - class com.almasb.fxgl.localization.LocalizationService
14:52:40.935 [FXGL Background Thread 3 ] DEBUG Engine               - class com.almasb.fxgl.app.services.SystemBundleService
14:52:40.935 [FXGL Background Thread 3 ] DEBUG Engine               - class com.almasb.fxgl.profile.SaveLoadService
14:52:40.935 [FXGL Background Thread 3 ] DEBUG Engine               - class com.almasb.fxgl.ui.FXGLUIFactoryServiceProvider
14:52:40.935 [FXGL Background Thread 3 ] DEBUG Engine               - class com.almasb.fxgl.ui.FXGLDialogFactoryServiceProvider
14:52:40.935 [FXGL Background Thread 3 ] DEBUG Engine               - class com.almasb.fxgl.audio.AudioPlayer
14:52:40.936 [FXGL Background Thread 3 ] DEBUG Engine               - class com.almasb.fxgl.notification.impl.NotificationServiceProvider
14:52:40.936 [FXGL Background Thread 3 ] DEBUG Engine               - class com.almasb.fxgl.achievement.AchievementService
14:52:40.936 [FXGL Background Thread 3 ] DEBUG Engine               - class com.almasb.fxgl.cutscene.CutsceneService
14:52:40.936 [FXGL Background Thread 3 ] DEBUG Engine               - class com.almasb.fxgl.minigames.MiniGameService
14:52:40.936 [FXGL Background Thread 3 ] DEBUG Engine               - class com.almasb.fxgl.net.NetService
14:52:40.936 [FXGL Background Thread 3 ] DEBUG Engine               - class com.almasb.fxgl.app.services.UpdaterService
14:52:40.936 [FXGL Background Thread 3 ] DEBUG Engine               - class com.almasb.fxgl.dev.DevService
14:52:41.759 [JavaFX Application Thread] DEBUG FXGLAssetLoaderServi - Loading from file system: file:/C:/Users/lenovo/IdeaProjects/BTD-J/target/classes/assets/textures/bloons/red.png
14:52:42.079 [JavaFX Application Thread] DEBUG FXGLApplication      - Exiting FXGL
14:52:42.079 [JavaFX Application Thread] DEBUG LoopRunner           - Stopping loop
14:52:42.080 [JavaFX Application Thread] DEBUG SystemBundleService  - Saving FXGL system data
14:52:42.084 [JavaFX Application Thread] DEBUG FileSystemAccess     - Writing to: C:\Users\lenovo\IdeaProjects\BTD-J\system\fxgl.bundle
14:52:42.086 [JavaFX Application Thread] DEBUG Async                - Shutting down background threads
14:52:42.087 [JavaFX Application Thread] DEBUG PrimaryStageWindow   - Closing main window
14:52:42.112 [JavaFX Application Thread] DEBUG Logger               - Closing Logger
