15:06:13.343 [main                     ] DEBUG Logger               - Configured Logger
15:06:13.382 [main                     ] DEBUG GameApplication      - Logging settings
Title: BTD-J
Version: PRE ALPHA 0.1
Width: 800
Height: 800
Fullscreen: false
Intro: false
Profiling: false
Single step:false
App Mode: DEVELOPER
Menu Key: ESCAPE
Stage Style: DECORATED
Scene Factory: class com.almasb.fxgl.app.scene.SceneFactory

15:06:13.889 [JavaFX Application Thread] DEBUG FXGLApplication      - Initializing FXGL
15:06:13.904 [JavaFX Application Thread] INFO  Engine               - FXGL-17.3 (30.03.2023 11.49) on WINDOWS (J:18.0.1.1 FX:20)
15:06:13.905 [JavaFX Application Thread] DEBUG Engine               - JRE Vendor Name: Oracle Corporation
15:06:13.905 [JavaFX Application Thread] DEBUG Engine               - Running on OS: Windows 10 version 10.0
15:06:13.905 [JavaFX Application Thread] DEBUG Engine               - Architecture: amd64
15:06:13.905 [JavaFX Application Thread] INFO  Engine               - Source code and latest versions at: https://github.com/AlmasB/FXGL
15:06:13.906 [JavaFX Application Thread] INFO  Engine               -       Ask questions and discuss at: https://github.com/AlmasB/FXGL/discussions
15:06:13.906 [JavaFX Application Thread] INFO  Engine               -              Join the FXGL chat at: https://gitter.im/AlmasB/FXGL
15:06:14.101 [JavaFX Application Thread] DEBUG PrimaryStageWindow   - Creating a JavaFX scene
15:06:14.191 [JavaFX Application Thread] DEBUG PrimaryStageWindow   - Target settings size: 800.0 x 800.0
15:06:14.191 [JavaFX Application Thread] DEBUG PrimaryStageWindow   - Scaled scene size:    800.0 x 800.0
15:06:14.191 [JavaFX Application Thread] DEBUG PrimaryStageWindow   - Scaled ratio: (1.0, 1.0)
15:06:14.193 [JavaFX Application Thread] DEBUG PrimaryStageWindow   - Set initial scene to FXGLStartupScene
15:06:14.198 [JavaFX Application Thread] DEBUG PrimaryStageWindow   - Opening main window
15:06:14.339 [JavaFX Application Thread] DEBUG PrimaryStageWindow   - Window border size: (12.4444580078125, 35.111083984375)
15:06:14.340 [JavaFX Application Thread] DEBUG PrimaryStageWindow   - Scaled size: 800.0 x 800.0
15:06:14.342 [JavaFX Application Thread] DEBUG PrimaryStageWindow   - Scaled ratio: (1.0, 1.0)
15:06:14.342 [JavaFX Application Thread] DEBUG PrimaryStageWindow   - Scene size: 800.0 x 800.0
15:06:14.343 [JavaFX Application Thread] DEBUG PrimaryStageWindow   - Stage size: 812.4444580078125 x 835.111083984375
15:06:14.356 [FXGL Background Thread 1 ] DEBUG Engine               - Initializing environment variables
15:06:14.516 [FXGL Background Thread 1 ] DEBUG FXGLAssetLoaderServi - User app class for loading assets: class org.btdj.game.MainApp
15:06:14.517 [FXGL Background Thread 1 ] DEBUG GameApplicationServi - Applying CSS: fxgl_dark.css
15:06:14.518 [FXGL Background Thread 1 ] DEBUG FXGLAssetLoaderServi - Loading from file system: jar:file:/C:/Users/lenovo/.m2/repository/com/github/almasb/fxgl/17.3/fxgl-17.3.jar!/fxglassets/ui/css/fxgl_dark.css
15:06:14.631 [FXGL Background Thread 1 ] DEBUG GameApplicationServi - Initializing application scenes
15:06:14.701 [FXGL Background Thread 1 ] DEBUG GameWorld            - Game world initialized
15:06:14.816 [FXGL Background Thread 1 ] DEBUG PhysicsWorld         - Physics world initialized: appHeight=800, physics.ppm=50.0
15:06:14.816 [FXGL Background Thread 1 ] DEBUG PhysicsWorld         - Using strategy: BRUTE_FORCE
15:06:14.823 [FXGL Background Thread 1 ] DEBUG GameScene            - Game scene initialized: 800x800
15:06:14.846 [FXGL Background Thread 1 ] DEBUG FXGL.DefaultMenu     - createMenuBodyGameMenu()
15:06:14.875 [FXGL Background Thread 1 ] DEBUG FXGL.DefaultMenu     - createOptionsMenu()
15:06:14.893 [FXGL Background Thread 1 ] DEBUG FXGLAssetLoaderServi - Loading from file system: jar:file:/C:/Users/lenovo/.m2/repository/com/github/almasb/fxgl/17.3/fxgl-17.3.jar!/fxglassets/textures/particles/smoke.png
15:06:15.123 [FXGL Background Thread 1 ] DEBUG FXGLAssetLoaderServi - Loading from file system: jar:file:/C:/Users/lenovo/.m2/repository/com/github/almasb/fxgl/17.3/fxgl-17.3.jar!/fxglassets/textures/particles/trace_horizontal.png
15:06:15.179 [FXGL Background Thread 1 ] DEBUG GameApplicationServi - Application scenes initialized
15:06:15.200 [FXGL Background Thread 1 ] DEBUG SystemBundleService  - Loading FXGL system data
15:06:15.208 [FXGL Background Thread 1 ] DEBUG FileSystemAccess     - Reading from: C:\Users\lenovo\IdeaProjects\BTD-J\system\fxgl.bundle
15:06:15.220 [FXGL Background Thread 1 ] DEBUG SystemBundleService  - Bundle FXGL: {}
15:06:15.220 [FXGL Background Thread 1 ] DEBUG UpdaterService       - Checking for updates
15:06:15.226 [FXGL Background Thread 4 ] DEBUG FXGLApplication      - Loading fonts
15:06:15.227 [FXGL Background Thread 4 ] DEBUG FXGLAssetLoaderServi - Loading from file system: jar:file:/C:/Users/lenovo/.m2/repository/com/github/almasb/fxgl/17.3/fxgl-17.3.jar!/fxglassets/ui/fonts/VarelaRound-Regular.ttf
15:06:15.227 [FXGL Background Thread 1 ] DEBUG FXGLApplication      - Loading default localization
15:06:15.228 [FXGL Background Thread 1 ] DEBUG FXGLAssetLoaderServi - Loading from file system: jar:file:/C:/Users/lenovo/.m2/repository/com/github/almasb/fxgl/17.3/fxgl-17.3.jar!/fxglassets/languages/english.lang
15:06:15.272 [FXGL Background Thread 1 ] INFO  FXGLApplication      - FXGL initialization took: 0.916 sec
15:06:15.274 [JavaFX Application Thread] DEBUG FXGLAssetLoaderServi - Loading from file system: jar:file:/C:/Users/lenovo/.m2/repository/com/github/almasb/fxgl/17.3/fxgl-17.3.jar!/fxglassets/textures/fxgl_icon.png
15:06:15.331 [JavaFX Application Thread] DEBUG FXGLAssetLoaderServi - Loading from file system: jar:file:/C:/Users/lenovo/.m2/repository/com/github/almasb/fxgl/17.3/fxgl-17.3.jar!/fxglassets/textures/fxgl_default_cursor.png
15:06:15.340 [FXGL Background Thread 4 ] DEBUG FXGLAssetLoaderServi - Loading from file system: jar:file:/C:/Users/lenovo/.m2/repository/com/github/almasb/fxgl/17.3/fxgl-17.3.jar!/fxglassets/ui/fonts/Abel-Regular.ttf
15:06:15.356 [JavaFX Application Thread] DEBUG Input                - Registered new binding: Screenshot - CTRL+8
15:06:15.358 [JavaFX Application Thread] DEBUG Input                - Registered new binding: System info dump - CTRL+9
15:06:15.358 [JavaFX Application Thread] DEBUG Input                - Registered new binding: Restart - CTRL+R
15:06:15.360 [JavaFX Application Thread] DEBUG Input                - Registered new binding: Toggle Debug Camera - CTRL+7
15:06:15.362 [FXGL Background Thread 4 ] DEBUG FXGLAssetLoaderServi - Loading from file system: jar:file:/C:/Users/lenovo/.m2/repository/com/github/almasb/fxgl/17.3/fxgl-17.3.jar!/fxglassets/ui/fonts/TerminalLandMono-Regular.otf
15:06:15.366 [JavaFX Application Thread] DEBUG LoopRunner           - Starting loop
15:06:15.367 [JavaFX Application Thread] DEBUG LoopRunner           - Initializing JavaFX AnimationTimerLoop
15:06:15.369 [JavaFX Application Thread] DEBUG GameApplicationServi - Starting new game
15:06:15.370 [JavaFX Application Thread] DEBUG Input                - Clearing active input actions
15:06:15.377 [FXGL Background Thread 4 ] DEBUG FXGLAssetLoaderServi - Loading from file system: jar:file:/C:/Users/lenovo/.m2/repository/com/github/almasb/fxgl/17.3/fxgl-17.3.jar!/fxglassets/ui/fonts/Courier-Prime.ttf
15:06:15.393 [JavaFX Application Thread] DEBUG GameApplicationServi - Removing overlay from FXGLStartupScene and adding to FXGLLoadingScene
15:06:15.394 [JavaFX Application Thread] DEBUG PrimaryStageWindow   - FXGLStartupScene -> FXGLLoadingScene
15:06:15.394 [JavaFX Application Thread] DEBUG GameApplicationServi - Clearing previous game
15:06:15.395 [JavaFX Application Thread] DEBUG GameScene            - Clearing game scene
15:06:15.395 [JavaFX Application Thread] DEBUG GameWorld            - Clearing game world
15:06:15.395 [JavaFX Application Thread] DEBUG PhysicsWorld         - Clearing physics world
15:06:15.397 [FXGL Background Thread 4 ] DEBUG FXGLApplication      - Initializing game
15:06:15.403 [FXGL Background Thread 4 ] DEBUG FXGLAssetLoaderServi - Loading from file system: file:/C:/Users/lenovo/IdeaProjects/BTD-J/target/classes/assets/textures/bloons/blue.png
15:06:15.427 [FXGL Background Thread 4 ] DEBUG FXGLAssetLoaderServi - Loading from file system: file:/C:/Users/lenovo/IdeaProjects/BTD-J/target/classes/assets/sounds/music.wav
15:06:15.470 [JavaFX Application Thread] DEBUG FXGLApplication      - Registering font factories with UI factory
15:06:15.579 [FXGL Background Thread 2 ] WARN  UpdaterService       - Failed to find updates: java.net.UnknownHostException: raw.githubusercontent.com
15:06:15.632 [FXGL Background Thread 4 ] INFO  FXGLApplication      - Game initialization took: 0.234 sec
15:06:15.650 [JavaFX Application Thread] DEBUG Input                - Clearing active input actions
15:06:15.668 [JavaFX Application Thread] DEBUG GameApplicationServi - Removing overlay from FXGLLoadingScene and adding to GameScene
15:06:15.669 [JavaFX Application Thread] DEBUG PrimaryStageWindow   - FXGLLoadingScene -> GameScene
15:06:18.224 [FXGL Background Thread 3 ] DEBUG Engine               - Logging environment variables
15:06:18.226 [FXGL Background Thread 3 ] DEBUG Engine               - achievements: []
15:06:18.229 [FXGL Background Thread 3 ] DEBUG Engine               - actualHeight: 800.0
15:06:18.230 [FXGL Background Thread 3 ] DEBUG Engine               - actualHeightProperty: ReadOnlyDoubleProperty [value: 800.0]
15:06:18.230 [FXGL Background Thread 3 ] DEBUG Engine               - actualWidth: 800.0
15:06:18.230 [FXGL Background Thread 3 ] DEBUG Engine               - actualWidthProperty: ReadOnlyDoubleProperty [value: 800.0]
15:06:18.231 [FXGL Background Thread 3 ] DEBUG Engine               - appIcon: fxgl_icon.png
15:06:18.231 [FXGL Background Thread 3 ] DEBUG Engine               - applicationMode: DEVELOPER
15:06:18.232 [FXGL Background Thread 3 ] DEBUG Engine               - cSSList: [fxgl_dark.css]
15:06:18.232 [FXGL Background Thread 3 ] DEBUG Engine               - collisionDetectionStrategy: BRUTE_FORCE
15:06:18.232 [FXGL Background Thread 3 ] DEBUG Engine               - configClass: Optional.empty
15:06:18.232 [FXGL Background Thread 3 ] DEBUG Engine               - credits: []
15:06:18.234 [FXGL Background Thread 3 ] DEBUG Engine               - defaultCursor: CursorInfo(imageName=fxgl_default_cursor.png, hotspotX=7.0, hotspotY=6.0)
15:06:18.234 [FXGL Background Thread 3 ] DEBUG Engine               - devBBoxColorProperty: ObjectProperty [value: 0xff0000ff]
15:06:18.235 [FXGL Background Thread 3 ] DEBUG Engine               - devEnableDebugCameraProperty: BooleanProperty [value: false]
15:06:18.235 [FXGL Background Thread 3 ] DEBUG Engine               - devSensorColorProperty: ObjectProperty [value: 0xffff00ff]
15:06:18.235 [FXGL Background Thread 3 ] DEBUG Engine               - devShowBBoxProperty: BooleanProperty [value: false]
15:06:18.235 [FXGL Background Thread 3 ] DEBUG Engine               - devShowPositionProperty: BooleanProperty [value: false]
15:06:18.236 [FXGL Background Thread 3 ] DEBUG Engine               - enabledMenuItems: []
15:06:18.237 [FXGL Background Thread 3 ] DEBUG Engine               - engineServices: [class com.almasb.fxgl.app.services.FXGLAssetLoaderService, class com.almasb.fxgl.app.FXGLApplication$GameApplicationService, class com.almasb.fxgl.app.services.FXGLDialogService, class com.almasb.fxgl.app.services.IOTaskExecutorService, class com.almasb.fxgl.io.FileSystemService, class com.almasb.fxgl.localization.LocalizationService, class com.almasb.fxgl.app.services.SystemBundleService, class com.almasb.fxgl.profile.SaveLoadService, class com.almasb.fxgl.ui.FXGLUIFactoryServiceProvider, class com.almasb.fxgl.ui.FXGLDialogFactoryServiceProvider, class com.almasb.fxgl.audio.AudioPlayer, class com.almasb.fxgl.notification.impl.NotificationServiceProvider, class com.almasb.fxgl.achievement.AchievementService, class com.almasb.fxgl.cutscene.CutsceneService, class com.almasb.fxgl.minigames.MiniGameService, class com.almasb.fxgl.net.NetService, class com.almasb.fxgl.app.services.UpdaterService, class com.almasb.fxgl.dev.DevService]
15:06:18.237 [FXGL Background Thread 3 ] DEBUG Engine               - fontGame: Abel-Regular.ttf
15:06:18.237 [FXGL Background Thread 3 ] DEBUG Engine               - fontMono: TerminalLandMono-Regular.otf
15:06:18.238 [FXGL Background Thread 3 ] DEBUG Engine               - fontSizeScaleUI: 1.0
15:06:18.238 [FXGL Background Thread 3 ] DEBUG Engine               - fontText: Courier-Prime.ttf
15:06:18.238 [FXGL Background Thread 3 ] DEBUG Engine               - fontUI: VarelaRound-Regular.ttf
15:06:18.239 [FXGL Background Thread 3 ] DEBUG Engine               - fullScreen: BooleanProperty [value: false]
15:06:18.240 [FXGL Background Thread 3 ] DEBUG Engine               - gameDifficulty: MEDIUM
15:06:18.240 [FXGL Background Thread 3 ] DEBUG Engine               - gameDifficultyProperty: ObjectProperty [value: MEDIUM]
15:06:18.241 [FXGL Background Thread 3 ] DEBUG Engine               - globalMusicVolume: 0.5
15:06:18.241 [FXGL Background Thread 3 ] DEBUG Engine               - globalMusicVolumeProperty: DoubleProperty [value: 0.5]
15:06:18.242 [FXGL Background Thread 3 ] DEBUG Engine               - globalSoundVolume: 0.5
15:06:18.243 [FXGL Background Thread 3 ] DEBUG Engine               - globalSoundVolumeProperty: DoubleProperty [value: 0.5]
15:06:18.244 [FXGL Background Thread 3 ] DEBUG Engine               - height: 800
15:06:18.245 [FXGL Background Thread 3 ] DEBUG Engine               - is3D: false
15:06:18.245 [FXGL Background Thread 3 ] DEBUG Engine               - isAndroid: false
15:06:18.246 [FXGL Background Thread 3 ] DEBUG Engine               - isBrowser: false
15:06:18.246 [FXGL Background Thread 3 ] DEBUG Engine               - isClickFeedbackEnabled: false
15:06:18.247 [FXGL Background Thread 3 ] DEBUG Engine               - isCloseConfirmation: false
15:06:18.248 [FXGL Background Thread 3 ] DEBUG Engine               - isDesktop: true
15:06:18.248 [FXGL Background Thread 3 ] DEBUG Engine               - isDeveloperMenuEnabled: false
15:06:18.248 [FXGL Background Thread 3 ] DEBUG Engine               - isEmbedded: false
15:06:18.248 [FXGL Background Thread 3 ] DEBUG Engine               - isEntityPreloadEnabled: true
15:06:18.248 [FXGL Background Thread 3 ] DEBUG Engine               - isExperimentalTiledLargeMap: false
15:06:18.248 [FXGL Background Thread 3 ] DEBUG Engine               - isFileSystemWriteAllowed: true
15:06:18.249 [FXGL Background Thread 3 ] DEBUG Engine               - isFullScreenAllowed: false
15:06:18.249 [FXGL Background Thread 3 ] DEBUG Engine               - isFullScreenFromStart: false
15:06:18.249 [FXGL Background Thread 3 ] DEBUG Engine               - isGameMenuEnabled: true
15:06:18.249 [FXGL Background Thread 3 ] DEBUG Engine               - isIOS: false
15:06:18.250 [FXGL Background Thread 3 ] DEBUG Engine               - isIntroEnabled: false
15:06:18.250 [FXGL Background Thread 3 ] DEBUG Engine               - isLinux: false
15:06:18.250 [FXGL Background Thread 3 ] DEBUG Engine               - isMac: false
15:06:18.251 [FXGL Background Thread 3 ] DEBUG Engine               - isMainMenuEnabled: false
15:06:18.251 [FXGL Background Thread 3 ] DEBUG Engine               - isManualResizeEnabled: false
15:06:18.251 [FXGL Background Thread 3 ] DEBUG Engine               - isMobile: false
15:06:18.251 [FXGL Background Thread 3 ] DEBUG Engine               - isNative: false
15:06:18.252 [FXGL Background Thread 3 ] DEBUG Engine               - isPauseMusicWhenMinimized: true
15:06:18.252 [FXGL Background Thread 3 ] DEBUG Engine               - isPreserveResizeRatio: false
15:06:18.252 [FXGL Background Thread 3 ] DEBUG Engine               - isProfilingEnabled: false
15:06:18.253 [FXGL Background Thread 3 ] DEBUG Engine               - isScaleAffectedOnResize: true
15:06:18.253 [FXGL Background Thread 3 ] DEBUG Engine               - isSingleStep: false
15:06:18.253 [FXGL Background Thread 3 ] DEBUG Engine               - isUserProfileEnabled: false
15:06:18.253 [FXGL Background Thread 3 ] DEBUG Engine               - isWindows: true
15:06:18.253 [FXGL Background Thread 3 ] DEBUG Engine               - language: ObjectProperty [value: ENGLISH]
15:06:18.253 [FXGL Background Thread 3 ] DEBUG Engine               - menuKey: ESCAPE
15:06:18.255 [FXGL Background Thread 3 ] DEBUG Engine               - mouseSensitivity: 0.2
15:06:18.255 [FXGL Background Thread 3 ] DEBUG Engine               - notificationViewClass: class com.almasb.fxgl.notification.view.XboxNotificationView
15:06:18.255 [FXGL Background Thread 3 ] DEBUG Engine               - pixelsPerMeter: 50.0
15:06:18.256 [FXGL Background Thread 3 ] DEBUG Engine               - platform: WINDOWS
15:06:18.256 [FXGL Background Thread 3 ] DEBUG Engine               - prefHeightProperty: ReadOnlyDoubleProperty [value: 800.0]
15:06:18.256 [FXGL Background Thread 3 ] DEBUG Engine               - prefWidthProperty: ReadOnlyDoubleProperty [value: 800.0]
15:06:18.256 [FXGL Background Thread 3 ] DEBUG Engine               - profileDir: profiles/
15:06:18.256 [FXGL Background Thread 3 ] DEBUG Engine               - profileName: StringProperty [value: DEFAULT]
15:06:18.258 [FXGL Background Thread 3 ] DEBUG Engine               - randomSeed: -1
15:06:18.259 [FXGL Background Thread 3 ] DEBUG Engine               - runtimeInfo: RuntimeInfo(platform=WINDOWS, version=17.3, build=30.03.2023 11.49)
15:06:18.260 [FXGL Background Thread 3 ] DEBUG Engine               - saveFileExt: sav
15:06:18.260 [FXGL Background Thread 3 ] DEBUG Engine               - scaledHeightProp$fxgl: DoubleProperty [bound, value: 800.0]
15:06:18.260 [FXGL Background Thread 3 ] DEBUG Engine               - scaledWidthProp$fxgl: DoubleProperty [bound, value: 800.0]
15:06:18.262 [FXGL Background Thread 3 ] DEBUG Engine               - sceneFactory: com.almasb.fxgl.app.scene.SceneFactory@33bb0755
15:06:18.262 [FXGL Background Thread 3 ] DEBUG Engine               - secondsIn24h: 60
15:06:18.263 [FXGL Background Thread 3 ] DEBUG Engine               - soundMenuBack: menu/back.wav
15:06:18.264 [FXGL Background Thread 3 ] DEBUG Engine               - soundMenuPress: menu/press.wav
15:06:18.264 [FXGL Background Thread 3 ] DEBUG Engine               - soundMenuSelect: menu/select.wav
15:06:18.265 [FXGL Background Thread 3 ] DEBUG Engine               - soundNotification: core/notification.wav
15:06:18.265 [FXGL Background Thread 3 ] DEBUG Engine               - stageStyle: DECORATED
15:06:18.265 [FXGL Background Thread 3 ] DEBUG Engine               - supportedLanguages: [ENGLISH, FRENCH, GERMAN, HUNGARIAN, RUSSIAN]
15:06:18.266 [FXGL Background Thread 3 ] DEBUG Engine               - ticksPerSecond: -1
15:06:18.266 [FXGL Background Thread 3 ] DEBUG Engine               - title: BTD-J
15:06:18.266 [FXGL Background Thread 3 ] DEBUG Engine               - urlGithub: https://github.com/AlmasB/FXGL
15:06:18.266 [FXGL Background Thread 3 ] DEBUG Engine               - urlLeaderboard: http://fxgl-top.herokuapp.com/
15:06:18.267 [FXGL Background Thread 3 ] DEBUG Engine               - urlPOM: https://raw.githubusercontent.com/AlmasB/FXGL/release/README.md
15:06:18.267 [FXGL Background Thread 3 ] DEBUG Engine               - userAppClass: class org.btdj.game.MainApp
15:06:18.267 [FXGL Background Thread 3 ] DEBUG Engine               - version: PRE ALPHA 0.1
15:06:18.267 [FXGL Background Thread 3 ] DEBUG Engine               - versionCheckDays: 7
15:06:18.268 [FXGL Background Thread 3 ] DEBUG Engine               - width: 800
15:06:18.268 [FXGL Background Thread 3 ] DEBUG Engine               - Logging services
15:06:18.268 [FXGL Background Thread 3 ] DEBUG Engine               - class com.almasb.fxgl.app.services.FXGLAssetLoaderService
15:06:18.268 [FXGL Background Thread 3 ] DEBUG Engine               - class com.almasb.fxgl.app.FXGLApplication$GameApplicationService
15:06:18.268 [FXGL Background Thread 3 ] DEBUG Engine               - class com.almasb.fxgl.app.services.FXGLDialogService
15:06:18.269 [FXGL Background Thread 3 ] DEBUG Engine               - class com.almasb.fxgl.app.services.IOTaskExecutorService
15:06:18.269 [FXGL Background Thread 3 ] DEBUG Engine               - class com.almasb.fxgl.io.FileSystemService
15:06:18.269 [FXGL Background Thread 3 ] DEBUG Engine               - class com.almasb.fxgl.localization.LocalizationService
15:06:18.269 [FXGL Background Thread 3 ] DEBUG Engine               - class com.almasb.fxgl.app.services.SystemBundleService
15:06:18.269 [FXGL Background Thread 3 ] DEBUG Engine               - class com.almasb.fxgl.profile.SaveLoadService
15:06:18.270 [FXGL Background Thread 3 ] DEBUG Engine               - class com.almasb.fxgl.ui.FXGLUIFactoryServiceProvider
15:06:18.270 [FXGL Background Thread 3 ] DEBUG Engine               - class com.almasb.fxgl.ui.FXGLDialogFactoryServiceProvider
15:06:18.270 [FXGL Background Thread 3 ] DEBUG Engine               - class com.almasb.fxgl.audio.AudioPlayer
15:06:18.270 [FXGL Background Thread 3 ] DEBUG Engine               - class com.almasb.fxgl.notification.impl.NotificationServiceProvider
15:06:18.270 [FXGL Background Thread 3 ] DEBUG Engine               - class com.almasb.fxgl.achievement.AchievementService
15:06:18.271 [FXGL Background Thread 3 ] DEBUG Engine               - class com.almasb.fxgl.cutscene.CutsceneService
15:06:18.271 [FXGL Background Thread 3 ] DEBUG Engine               - class com.almasb.fxgl.minigames.MiniGameService
15:06:18.271 [FXGL Background Thread 3 ] DEBUG Engine               - class com.almasb.fxgl.net.NetService
15:06:18.271 [FXGL Background Thread 3 ] DEBUG Engine               - class com.almasb.fxgl.app.services.UpdaterService
15:06:18.271 [FXGL Background Thread 3 ] DEBUG Engine               - class com.almasb.fxgl.dev.DevService
15:06:19.066 [JavaFX Application Thread] DEBUG FXGLAssetLoaderServi - Loading from file system: file:/C:/Users/lenovo/IdeaProjects/BTD-J/target/classes/assets/textures/bloons/red.png
15:06:20.213 [JavaFX Application Thread] DEBUG FXGLApplication      - Exiting FXGL
15:06:20.213 [JavaFX Application Thread] DEBUG LoopRunner           - Stopping loop
15:06:20.214 [JavaFX Application Thread] DEBUG SystemBundleService  - Saving FXGL system data
15:06:20.221 [JavaFX Application Thread] DEBUG FileSystemAccess     - Writing to: C:\Users\lenovo\IdeaProjects\BTD-J\system\fxgl.bundle
15:06:20.228 [JavaFX Application Thread] DEBUG Async                - Shutting down background threads
15:06:20.229 [JavaFX Application Thread] DEBUG PrimaryStageWindow   - Closing main window
15:06:20.304 [JavaFX Application Thread] DEBUG Logger               - Closing Logger
