15:14:22.449 [main                     ] DEBUG Logger               - Configured Logger
15:14:22.493 [main                     ] DEBUG GameApplication      - Logging settings
Title: BTD-J
Version: PRE ALPHA 0.1
Width: 800
Height: 800
Fullscreen: false
Intro: false
Profiling: false
Single step:false
App Mode: DEVELOPER
Menu Key: ESCAPE
Stage Style: DECORATED
Scene Factory: class com.almasb.fxgl.app.scene.SceneFactory

15:14:23.030 [JavaFX Application Thread] DEBUG FXGLApplication      - Initializing FXGL
15:14:23.047 [JavaFX Application Thread] INFO  Engine               - FXGL-17.3 (30.03.2023 11.49) on WINDOWS (J:18.0.1.1 FX:20)
15:14:23.048 [JavaFX Application Thread] DEBUG Engine               - JRE Vendor Name: Oracle Corporation
15:14:23.049 [JavaFX Application Thread] DEBUG Engine               - Running on OS: Windows 10 version 10.0
15:14:23.049 [JavaFX Application Thread] DEBUG Engine               - Architecture: amd64
15:14:23.049 [JavaFX Application Thread] INFO  Engine               - Source code and latest versions at: https://github.com/AlmasB/FXGL
15:14:23.049 [JavaFX Application Thread] INFO  Engine               -       Ask questions and discuss at: https://github.com/AlmasB/FXGL/discussions
15:14:23.050 [JavaFX Application Thread] INFO  Engine               -              Join the FXGL chat at: https://gitter.im/AlmasB/FXGL
15:14:23.250 [JavaFX Application Thread] DEBUG PrimaryStageWindow   - Creating a JavaFX scene
15:14:23.336 [JavaFX Application Thread] DEBUG PrimaryStageWindow   - Target settings size: 800.0 x 800.0
15:14:23.336 [JavaFX Application Thread] DEBUG PrimaryStageWindow   - Scaled scene size:    800.0 x 800.0
15:14:23.337 [JavaFX Application Thread] DEBUG PrimaryStageWindow   - Scaled ratio: (1.0, 1.0)
15:14:23.338 [JavaFX Application Thread] DEBUG PrimaryStageWindow   - Set initial scene to FXGLStartupScene
15:14:23.344 [JavaFX Application Thread] DEBUG PrimaryStageWindow   - Opening main window
15:14:23.482 [JavaFX Application Thread] DEBUG PrimaryStageWindow   - Window border size: (12.4444580078125, 35.111083984375)
15:14:23.483 [JavaFX Application Thread] DEBUG PrimaryStageWindow   - Scaled size: 800.0 x 800.0
15:14:23.483 [JavaFX Application Thread] DEBUG PrimaryStageWindow   - Scaled ratio: (1.0, 1.0)
15:14:23.483 [JavaFX Application Thread] DEBUG PrimaryStageWindow   - Scene size: 800.0 x 800.0
15:14:23.484 [JavaFX Application Thread] DEBUG PrimaryStageWindow   - Stage size: 812.4444580078125 x 835.111083984375
15:14:23.499 [FXGL Background Thread 1 ] DEBUG Engine               - Initializing environment variables
15:14:23.669 [FXGL Background Thread 1 ] DEBUG FXGLAssetLoaderServi - User app class for loading assets: class org.btdj.game.MainApp
15:14:23.670 [FXGL Background Thread 1 ] DEBUG GameApplicationServi - Applying CSS: fxgl_dark.css
15:14:23.672 [FXGL Background Thread 1 ] DEBUG FXGLAssetLoaderServi - Loading from file system: jar:file:/C:/Users/lenovo/.m2/repository/com/github/almasb/fxgl/17.3/fxgl-17.3.jar!/fxglassets/ui/css/fxgl_dark.css
15:14:23.786 [FXGL Background Thread 1 ] DEBUG GameApplicationServi - Initializing application scenes
15:14:23.857 [FXGL Background Thread 1 ] DEBUG GameWorld            - Game world initialized
15:14:23.970 [FXGL Background Thread 1 ] DEBUG PhysicsWorld         - Physics world initialized: appHeight=800, physics.ppm=50.0
15:14:23.971 [FXGL Background Thread 1 ] DEBUG PhysicsWorld         - Using strategy: BRUTE_FORCE
15:14:23.978 [FXGL Background Thread 1 ] DEBUG GameScene            - Game scene initialized: 800x800
15:14:23.998 [FXGL Background Thread 1 ] DEBUG FXGL.DefaultMenu     - createMenuBodyGameMenu()
15:14:24.024 [FXGL Background Thread 1 ] DEBUG FXGL.DefaultMenu     - createOptionsMenu()
15:14:24.041 [FXGL Background Thread 1 ] DEBUG FXGLAssetLoaderServi - Loading from file system: jar:file:/C:/Users/lenovo/.m2/repository/com/github/almasb/fxgl/17.3/fxgl-17.3.jar!/fxglassets/textures/particles/smoke.png
15:14:24.239 [FXGL Background Thread 1 ] DEBUG FXGLAssetLoaderServi - Loading from file system: jar:file:/C:/Users/lenovo/.m2/repository/com/github/almasb/fxgl/17.3/fxgl-17.3.jar!/fxglassets/textures/particles/trace_horizontal.png
15:14:24.275 [FXGL Background Thread 1 ] DEBUG GameApplicationServi - Application scenes initialized
15:14:24.292 [FXGL Background Thread 1 ] DEBUG SystemBundleService  - Loading FXGL system data
15:14:24.299 [FXGL Background Thread 1 ] DEBUG FileSystemAccess     - Reading from: C:\Users\lenovo\IdeaProjects\BTD-J\system\fxgl.bundle
15:14:24.309 [FXGL Background Thread 1 ] DEBUG SystemBundleService  - Bundle FXGL: {}
15:14:24.310 [FXGL Background Thread 1 ] DEBUG UpdaterService       - Checking for updates
15:14:24.315 [FXGL Background Thread 4 ] DEBUG FXGLApplication      - Loading fonts
15:14:24.316 [FXGL Background Thread 4 ] DEBUG FXGLAssetLoaderServi - Loading from file system: jar:file:/C:/Users/lenovo/.m2/repository/com/github/almasb/fxgl/17.3/fxgl-17.3.jar!/fxglassets/ui/fonts/VarelaRound-Regular.ttf
15:14:24.316 [FXGL Background Thread 1 ] DEBUG FXGLApplication      - Loading default localization
15:14:24.317 [FXGL Background Thread 1 ] DEBUG FXGLAssetLoaderServi - Loading from file system: jar:file:/C:/Users/lenovo/.m2/repository/com/github/almasb/fxgl/17.3/fxgl-17.3.jar!/fxglassets/languages/english.lang
15:14:24.354 [FXGL Background Thread 1 ] INFO  FXGLApplication      - FXGL initialization took: 0.855 sec
15:14:24.356 [JavaFX Application Thread] DEBUG FXGLAssetLoaderServi - Loading from file system: jar:file:/C:/Users/lenovo/.m2/repository/com/github/almasb/fxgl/17.3/fxgl-17.3.jar!/fxglassets/textures/fxgl_icon.png
15:14:24.399 [JavaFX Application Thread] DEBUG FXGLAssetLoaderServi - Loading from file system: jar:file:/C:/Users/lenovo/.m2/repository/com/github/almasb/fxgl/17.3/fxgl-17.3.jar!/fxglassets/textures/fxgl_default_cursor.png
15:14:24.416 [FXGL Background Thread 4 ] DEBUG FXGLAssetLoaderServi - Loading from file system: jar:file:/C:/Users/lenovo/.m2/repository/com/github/almasb/fxgl/17.3/fxgl-17.3.jar!/fxglassets/ui/fonts/Abel-Regular.ttf
15:14:24.424 [JavaFX Application Thread] DEBUG Input                - Registered new binding: Screenshot - CTRL+8
15:14:24.425 [JavaFX Application Thread] DEBUG Input                - Registered new binding: System info dump - CTRL+9
15:14:24.426 [JavaFX Application Thread] DEBUG Input                - Registered new binding: Restart - CTRL+R
15:14:24.427 [JavaFX Application Thread] DEBUG Input                - Registered new binding: Toggle Debug Camera - CTRL+7
15:14:24.431 [FXGL Background Thread 4 ] DEBUG FXGLAssetLoaderServi - Loading from file system: jar:file:/C:/Users/lenovo/.m2/repository/com/github/almasb/fxgl/17.3/fxgl-17.3.jar!/fxglassets/ui/fonts/TerminalLandMono-Regular.otf
15:14:24.433 [JavaFX Application Thread] DEBUG LoopRunner           - Starting loop
15:14:24.433 [JavaFX Application Thread] DEBUG LoopRunner           - Initializing JavaFX AnimationTimerLoop
15:14:24.436 [JavaFX Application Thread] DEBUG GameApplicationServi - Starting new game
15:14:24.436 [JavaFX Application Thread] DEBUG Input                - Clearing active input actions
15:14:24.445 [FXGL Background Thread 4 ] DEBUG FXGLAssetLoaderServi - Loading from file system: jar:file:/C:/Users/lenovo/.m2/repository/com/github/almasb/fxgl/17.3/fxgl-17.3.jar!/fxglassets/ui/fonts/Courier-Prime.ttf
15:14:24.454 [JavaFX Application Thread] DEBUG GameApplicationServi - Removing overlay from FXGLStartupScene and adding to FXGLLoadingScene
15:14:24.455 [JavaFX Application Thread] DEBUG PrimaryStageWindow   - FXGLStartupScene -> FXGLLoadingScene
15:14:24.455 [JavaFX Application Thread] DEBUG GameApplicationServi - Clearing previous game
15:14:24.455 [JavaFX Application Thread] DEBUG GameScene            - Clearing game scene
15:14:24.455 [JavaFX Application Thread] DEBUG GameWorld            - Clearing game world
15:14:24.455 [JavaFX Application Thread] DEBUG PhysicsWorld         - Clearing physics world
15:14:24.459 [FXGL Background Thread 1 ] DEBUG FXGLApplication      - Initializing game
15:14:24.465 [FXGL Background Thread 1 ] DEBUG FXGLAssetLoaderServi - Loading from file system: file:/C:/Users/lenovo/IdeaProjects/BTD-J/target/classes/assets/textures/bloons/blue.png
15:14:24.486 [FXGL Background Thread 1 ] DEBUG FXGLAssetLoaderServi - Loading from file system: file:/C:/Users/lenovo/IdeaProjects/BTD-J/target/classes/assets/sounds/music.wav
15:14:24.533 [JavaFX Application Thread] DEBUG FXGLApplication      - Registering font factories with UI factory
15:14:24.664 [FXGL Background Thread 2 ] WARN  UpdaterService       - Failed to find updates: java.net.UnknownHostException: raw.githubusercontent.com
15:14:24.693 [FXGL Background Thread 1 ] INFO  FXGLApplication      - Game initialization took: 0.234 sec
15:14:24.704 [JavaFX Application Thread] DEBUG Input                - Clearing active input actions
15:14:24.720 [JavaFX Application Thread] DEBUG GameApplicationServi - Removing overlay from FXGLLoadingScene and adding to GameScene
15:14:24.721 [JavaFX Application Thread] DEBUG PrimaryStageWindow   - FXGLLoadingScene -> GameScene
15:14:27.202 [JavaFX Application Thread] DEBUG FXGLApplication      - Exiting FXGL
15:14:27.202 [JavaFX Application Thread] DEBUG LoopRunner           - Stopping loop
15:14:27.203 [JavaFX Application Thread] DEBUG SystemBundleService  - Saving FXGL system data
15:14:27.211 [JavaFX Application Thread] DEBUG FileSystemAccess     - Writing to: C:\Users\lenovo\IdeaProjects\BTD-J\system\fxgl.bundle
15:14:27.218 [JavaFX Application Thread] DEBUG Async                - Shutting down background threads
15:14:27.219 [JavaFX Application Thread] DEBUG PrimaryStageWindow   - Closing main window
15:14:27.288 [JavaFX Application Thread] DEBUG Logger               - Closing Logger
